------------------------------------------------------------------------------------------------------------------------

[2020-09-28 16:15:06 #1 store] 
Database 'C:\Users\galan\git\Bets2021\src\main\resources\bets.temp' is opened by 19524@DESKTOP-GNV5VMN

[2020-09-28 16:15:06 #2 type] 
Type domain.Question is not enhanced.

[2020-09-28 16:15:06 #3 type] 
Type domain.Event is not enhanced.

------------------------------------------------------------------------------------------------------------------------

[2020-09-28 16:20:24 #1 store] 
Database 'C:\Users\galan\git\Bets2021\src\main\resources\bets.temp' is opened by 21152@DESKTOP-GNV5VMN

[2020-09-28 16:20:24 #2 type] 
Type domain.Question is not enhanced.

[2020-09-28 16:20:24 #3 type] 
Type domain.Event is not enhanced.

------------------------------------------------------------------------------------------------------------------------

[2020-09-28 16:20:37 #1 store] 
Database 'C:\Users\galan\git\Bets2021\src\main\resources\bets.temp' has been recovered (tr. 456-461)

[2020-09-28 16:20:37 #2 store] 
Database 'C:\Users\galan\git\Bets2021\src\main\resources\bets.temp' is opened by 12448@DESKTOP-GNV5VMN

[2020-09-28 16:20:37 #3 type] 
Type domain.Question is not enhanced.

[2020-09-28 16:20:37 #4 type] 
Type domain.Event is not enhanced.

